  hand.cpp
c:\users\dg\source\repos\hand\hand\hand.cpp(3): warning C4005: '_CRT_SECURE_NO_WARNINGS': 매크로 재정의
  c:\users\dg\source\repos\hand\hand\hand.cpp(3): note: 명령줄 인수: '_CRT_SECURE_NO_WARNINGS'의 이전 정의를 참조하십시오.
c:\users\dg\source\repos\hand\hand\hand.cpp(3): warning C4603: '_CRT_SECURE_NO_WARNINGS': 매크로가 정의되지 않았거나 미리 컴파일된 헤더 사용 후와 정의가 다릅니다.
  c:\users\dg\source\repos\hand\hand\hand.cpp(3): note: 여기에서 정의하지 않고 미리 컴파일된 헤더에 매크로 추가
  c:\users\dg\source\repos\hand\hand\hand.cpp(4): note: 미리 컴파일된 헤더 사용
c:\users\dg\downloads\opencv\build\include\opencv2\flann\dist.h : warning C4819: 현재 코드 페이지(949)에서 표시할 수 없는 문자가 파일에 들어 있습니다. 데이터가 손실되지 않게 하려면 해당 파일을 유니코드 형식으로 저장하십시오.
c:\users\dg\source\repos\hand\hand\hand.cpp(68): warning C4244: '초기화 중': 'double'에서 'int'(으)로 변환하면서 데이터가 손실될 수 있습니다.
c:\users\dg\source\repos\hand\hand\hand.cpp(91): warning C4244: '초기화 중': 'float'에서 'int'(으)로 변환하면서 데이터가 손실될 수 있습니다.
c:\users\dg\source\repos\hand\hand\hand.cpp(92): warning C4244: '초기화 중': 'float'에서 'int'(으)로 변환하면서 데이터가 손실될 수 있습니다.
c:\users\dg\source\repos\hand\hand\hand.cpp(109): warning C4244: '초기화 중': 'float'에서 'int'(으)로 변환하면서 데이터가 손실될 수 있습니다.
c:\users\dg\source\repos\hand\hand\hand.cpp(110): warning C4244: '초기화 중': 'float'에서 'int'(으)로 변환하면서 데이터가 손실될 수 있습니다.
c:\users\dg\source\repos\hand\hand\hand.cpp(117): warning C4244: '=': 'double'에서 'float'(으)로 변환하면서 데이터가 손실될 수 있습니다.
c:\users\dg\source\repos\hand\hand\hand.cpp(122): warning C4305: '+=': 'double'에서 'float'(으)로 잘립니다.
c:\users\dg\source\repos\hand\hand\hand.cpp(133): warning C4244: '=': 'float'에서 'int'(으)로 변환하면서 데이터가 손실될 수 있습니다.
c:\users\dg\source\repos\hand\hand\hand.cpp(134): warning C4244: '=': 'float'에서 'int'(으)로 변환하면서 데이터가 손실될 수 있습니다.
c:\users\dg\source\repos\hand\hand\hand.cpp(135): warning C4244: '=': 'float'에서 'int'(으)로 변환하면서 데이터가 손실될 수 있습니다.
c:\users\dg\source\repos\hand\hand\hand.cpp(153): warning C4244: '초기화 중': 'time_t'에서 'double'(으)로 변환하면서 데이터가 손실될 수 있습니다.
c:\users\dg\source\repos\hand\hand\hand.cpp(168): warning C4838: 'int'에서 'float'(으)로의 변환에는 축소 변환이 필요합니다.
c:\users\dg\source\repos\hand\hand\hand.cpp(168): warning C4244: '초기화 중': 'int'에서 'float'(으)로 변환하면서 데이터가 손실될 수 있습니다.
c:\users\dg\source\repos\hand\hand\hand.cpp(171): warning C4244: '초기화 중': 'int64'에서 'double'(으)로 변환하면서 데이터가 손실될 수 있습니다.
c:\users\dg\source\repos\hand\hand\hand.cpp(188): warning C4018: '<': signed 또는 unsigned가 일치하지 않습니다.
c:\users\dg\source\repos\hand\hand\hand.cpp(198): warning C4018: '<': signed 또는 unsigned가 일치하지 않습니다.
c:\users\dg\source\repos\hand\hand\hand.cpp(226): warning C4244: '=': 'double'에서 'int'(으)로 변환하면서 데이터가 손실될 수 있습니다.
c:\users\dg\source\repos\hand\hand\hand.cpp(283): warning C4244: '인수': 'double'에서 'int'(으)로 변환하면서 데이터가 손실될 수 있습니다.
c:\users\dg\source\repos\hand\hand\hand.cpp(286): warning C4244: '인수': 'double'에서 'int'(으)로 변환하면서 데이터가 손실될 수 있습니다.
c:\users\dg\source\repos\hand\hand\hand.cpp(411): warning C4018: '<': signed 또는 unsigned가 일치하지 않습니다.
c:\users\dg\source\repos\hand\hand\hand.cpp(463): warning C4244: '=': 'double'에서 'float'(으)로 변환하면서 데이터가 손실될 수 있습니다.
c:\users\dg\source\repos\hand\hand\hand.cpp(472): warning C4244: '=': 'double'에서 'float'(으)로 변환하면서 데이터가 손실될 수 있습니다.
c:\users\dg\source\repos\hand\hand\hand.cpp(473): warning C4244: '=': 'double'에서 'float'(으)로 변환하면서 데이터가 손실될 수 있습니다.
c:\users\dg\source\repos\hand\hand\hand.cpp(492): warning C4244: '=': 'double'에서 'float'(으)로 변환하면서 데이터가 손실될 수 있습니다.
c:\users\dg\source\repos\hand\hand\hand.cpp(493): warning C4244: '=': 'double'에서 'float'(으)로 변환하면서 데이터가 손실될 수 있습니다.
c:\users\dg\source\repos\hand\hand\hand.cpp(508): warning C4244: '=': 'double'에서 'float'(으)로 변환하면서 데이터가 손실될 수 있습니다.
c:\users\dg\source\repos\hand\hand\hand.cpp(509): warning C4244: '=': 'double'에서 'float'(으)로 변환하면서 데이터가 손실될 수 있습니다.
c:\users\dg\source\repos\hand\hand\hand.cpp(560): warning C4244: '초기화 중': 'time_t'에서 'double'(으)로 변환하면서 데이터가 손실될 수 있습니다.
c:\users\dg\source\repos\hand\hand\hand.cpp(564): warning C4244: '=': 'time_t'에서 'double'(으)로 변환하면서 데이터가 손실될 수 있습니다.
c:\users\dg\source\repos\hand\hand\hand.cpp(577): warning C4244: '=': 'double'에서 'float'(으)로 변환하면서 데이터가 손실될 수 있습니다.
c:\users\dg\source\repos\hand\hand\hand.cpp(469): warning C4101: 'alpha' :참조되지 않은 지역 변수입니다.
c:\users\dg\source\repos\hand\hand\hand.cpp(469): warning C4101: 'cal_l2' :참조되지 않은 지역 변수입니다.
c:\users\dg\source\repos\hand\hand\hand.cpp(469): warning C4101: 'gamma' :참조되지 않은 지역 변수입니다.
  hand.vcxproj -> C:\Users\dg\source\repos\hand\Debug\hand.exe
