  stdafx.cpp
  참고: 포함 파일: c:\users\dg\source\repos\hand\hand\stdafx.h
  참고: 포함 파일:  c:\users\dg\source\repos\hand\hand\targetver.h
  참고: 포함 파일:   C:\Program Files (x86)\Windows Kits\10\Include\10.0.16299.0\shared\SDKDDKVer.h
  참고: 포함 파일:  C:\Program Files (x86)\Windows Kits\10\Include\10.0.16299.0\ucrt\stdio.h
  참고: 포함 파일:   C:\Program Files (x86)\Windows Kits\10\Include\10.0.16299.0\ucrt\corecrt.h
  참고: 포함 파일:    C:\Program Files (x86)\Microsoft Visual Studio\2017\Community\VC\Tools\MSVC\14.13.26128\include\vcruntime.h
  참고: 포함 파일:     C:\Program Files (x86)\Microsoft Visual Studio\2017\Community\VC\Tools\MSVC\14.13.26128\include\sal.h
  참고: 포함 파일:      C:\Program Files (x86)\Microsoft Visual Studio\2017\Community\VC\Tools\MSVC\14.13.26128\include\concurrencysal.h
  참고: 포함 파일:     C:\Program Files (x86)\Microsoft Visual Studio\2017\Community\VC\Tools\MSVC\14.13.26128\include\vadefs.h
  참고: 포함 파일:   C:\Program Files (x86)\Windows Kits\10\Include\10.0.16299.0\ucrt\corecrt_wstdio.h
  참고: 포함 파일:    C:\Program Files (x86)\Windows Kits\10\Include\10.0.16299.0\ucrt\corecrt_stdio_config.h
  참고: 포함 파일:  C:\Program Files (x86)\Windows Kits\10\Include\10.0.16299.0\ucrt\tchar.h
  참고: 포함 파일:   C:\Program Files (x86)\Windows Kits\10\Include\10.0.16299.0\ucrt\wchar.h
  참고: 포함 파일:    C:\Program Files (x86)\Windows Kits\10\Include\10.0.16299.0\ucrt\corecrt_memcpy_s.h
  참고: 포함 파일:     C:\Program Files (x86)\Windows Kits\10\Include\10.0.16299.0\ucrt\errno.h
  참고: 포함 파일:     C:\Program Files (x86)\Microsoft Visual Studio\2017\Community\VC\Tools\MSVC\14.13.26128\include\vcruntime_string.h
  참고: 포함 파일:      C:\Program Files (x86)\Microsoft Visual Studio\2017\Community\VC\Tools\MSVC\14.13.26128\include\vcruntime.h
  참고: 포함 파일:    C:\Program Files (x86)\Windows Kits\10\Include\10.0.16299.0\ucrt\corecrt_wconio.h
  참고: 포함 파일:    C:\Program Files (x86)\Windows Kits\10\Include\10.0.16299.0\ucrt\corecrt_wctype.h
  참고: 포함 파일:    C:\Program Files (x86)\Windows Kits\10\Include\10.0.16299.0\ucrt\corecrt_wdirect.h
  참고: 포함 파일:    C:\Program Files (x86)\Windows Kits\10\Include\10.0.16299.0\ucrt\corecrt_wio.h
  참고: 포함 파일:     C:\Program Files (x86)\Windows Kits\10\Include\10.0.16299.0\ucrt\corecrt_share.h
  참고: 포함 파일:    C:\Program Files (x86)\Windows Kits\10\Include\10.0.16299.0\ucrt\corecrt_wprocess.h
  참고: 포함 파일:    C:\Program Files (x86)\Windows Kits\10\Include\10.0.16299.0\ucrt\corecrt_wstdlib.h
  참고: 포함 파일:    C:\Program Files (x86)\Windows Kits\10\Include\10.0.16299.0\ucrt\corecrt_wstring.h
  참고: 포함 파일:    C:\Program Files (x86)\Windows Kits\10\Include\10.0.16299.0\ucrt\corecrt_wtime.h
  참고: 포함 파일:    C:\Program Files (x86)\Windows Kits\10\Include\10.0.16299.0\ucrt\sys/stat.h
  참고: 포함 파일:     C:\Program Files (x86)\Windows Kits\10\Include\10.0.16299.0\ucrt\sys/types.h
  hand.cpp
c:\users\dg\source\repos\hand\hand\hand.cpp(3): warning C4005: '_CRT_SECURE_NO_WARNINGS': 매크로 재정의
  c:\users\dg\source\repos\hand\hand\hand.cpp(3): note: 명령줄 인수: '_CRT_SECURE_NO_WARNINGS'의 이전 정의를 참조하십시오.
c:\users\dg\source\repos\hand\hand\hand.cpp(3): warning C4603: '_CRT_SECURE_NO_WARNINGS': 매크로가 정의되지 않았거나 미리 컴파일된 헤더 사용 후와 정의가 다릅니다.
  c:\users\dg\source\repos\hand\hand\hand.cpp(3): note: 여기에서 정의하지 않고 미리 컴파일된 헤더에 매크로 추가
  c:\users\dg\source\repos\hand\hand\hand.cpp(4): note: 미리 컴파일된 헤더 사용
  참고: 포함 파일: C:\Users\dg\Downloads\opencv\build\include\opencv/cv.h
  참고: 포함 파일:  C:\Users\dg\Downloads\opencv\build\include\opencv2/core/core_c.h
  참고: 포함 파일:   C:\Users\dg\Downloads\opencv\build\include\opencv2/core/types_c.h
  참고: 포함 파일:    C:\Program Files (x86)\Windows Kits\10\Include\10.0.16299.0\ucrt\assert.h
  참고: 포함 파일:    C:\Program Files (x86)\Windows Kits\10\Include\10.0.16299.0\ucrt\stdlib.h
  참고: 포함 파일:     C:\Program Files (x86)\Windows Kits\10\Include\10.0.16299.0\ucrt\corecrt_malloc.h
  참고: 포함 파일:     C:\Program Files (x86)\Windows Kits\10\Include\10.0.16299.0\ucrt\corecrt_search.h
  참고: 포함 파일:      C:\Program Files (x86)\Windows Kits\10\Include\10.0.16299.0\ucrt\stddef.h
  참고: 포함 파일:     C:\Program Files (x86)\Microsoft Visual Studio\2017\Community\VC\Tools\MSVC\14.13.26128\include\limits.h
  참고: 포함 파일:      C:\Program Files (x86)\Microsoft Visual Studio\2017\Community\VC\Tools\MSVC\14.13.26128\include\vcruntime.h
  참고: 포함 파일:    C:\Program Files (x86)\Windows Kits\10\Include\10.0.16299.0\ucrt\string.h
  참고: 포함 파일:     C:\Program Files (x86)\Windows Kits\10\Include\10.0.16299.0\ucrt\corecrt_memory.h
  참고: 포함 파일:    C:\Program Files (x86)\Windows Kits\10\Include\10.0.16299.0\ucrt\float.h
  참고: 포함 파일:    C:\Program Files (x86)\Windows Kits\10\Include\10.0.16299.0\ucrt\math.h
  참고: 포함 파일:     C:\Program Files (x86)\Windows Kits\10\Include\10.0.16299.0\ucrt\corecrt_math.h
  참고: 포함 파일:    C:\Program Files (x86)\Microsoft Visual Studio\2017\Community\VC\Tools\MSVC\14.13.26128\include\emmintrin.h
  참고: 포함 파일:     C:\Program Files (x86)\Microsoft Visual Studio\2017\Community\VC\Tools\MSVC\14.13.26128\include\xmmintrin.h
  참고: 포함 파일:      C:\Program Files (x86)\Microsoft Visual Studio\2017\Community\VC\Tools\MSVC\14.13.26128\include\mmintrin.h
  참고: 포함 파일:      C:\Program Files (x86)\Windows Kits\10\Include\10.0.16299.0\ucrt\malloc.h
  참고: 포함 파일:  C:\Users\dg\Downloads\opencv\build\include\opencv2/core/core.hpp
  참고: 포함 파일:   C:\Users\dg\Downloads\opencv\build\include\opencv2/core/version.hpp
  참고: 포함 파일:   C:\Program Files (x86)\Microsoft Visual Studio\2017\Community\VC\Tools\MSVC\14.13.26128\include\algorithm
  참고: 포함 파일:    C:\Program Files (x86)\Microsoft Visual Studio\2017\Community\VC\Tools\MSVC\14.13.26128\include\xmemory
  참고: 포함 파일:     C:\Program Files (x86)\Microsoft Visual Studio\2017\Community\VC\Tools\MSVC\14.13.26128\include\xmemory0
  참고: 포함 파일:      C:\Program Files (x86)\Microsoft Visual Studio\2017\Community\VC\Tools\MSVC\14.13.26128\include\cstdint
  참고: 포함 파일:       C:\Program Files (x86)\Microsoft Visual Studio\2017\Community\VC\Tools\MSVC\14.13.26128\include\yvals.h
  참고: 포함 파일:        C:\Program Files (x86)\Microsoft Visual Studio\2017\Community\VC\Tools\MSVC\14.13.26128\include\xkeycheck.h
  참고: 포함 파일:        C:\Program Files (x86)\Microsoft Visual Studio\2017\Community\VC\Tools\MSVC\14.13.26128\include\crtdefs.h
  참고: 포함 파일:         C:\Program Files (x86)\Microsoft Visual Studio\2017\Community\VC\Tools\MSVC\14.13.26128\include\vcruntime.h
  참고: 포함 파일:        C:\Program Files (x86)\Microsoft Visual Studio\2017\Community\VC\Tools\MSVC\14.13.26128\include\use_ansi.h
  참고: 포함 파일:       C:\Program Files (x86)\Microsoft Visual Studio\2017\Community\VC\Tools\MSVC\14.13.26128\include\stdint.h
  참고: 포함 파일:        C:\Program Files (x86)\Microsoft Visual Studio\2017\Community\VC\Tools\MSVC\14.13.26128\include\vcruntime.h
  참고: 포함 파일:      C:\Program Files (x86)\Microsoft Visual Studio\2017\Community\VC\Tools\MSVC\14.13.26128\include\cstdlib
  참고: 포함 파일:       C:\Program Files (x86)\Windows Kits\10\Include\10.0.16299.0\ucrt\math.h
  참고: 포함 파일:      C:\Program Files (x86)\Microsoft Visual Studio\2017\Community\VC\Tools\MSVC\14.13.26128\include\limits
  참고: 포함 파일:       C:\Program Files (x86)\Microsoft Visual Studio\2017\Community\VC\Tools\MSVC\14.13.26128\include\ymath.h
  참고: 포함 파일:       C:\Program Files (x86)\Microsoft Visual Studio\2017\Community\VC\Tools\MSVC\14.13.26128\include\cfloat
  참고: 포함 파일:       C:\Program Files (x86)\Microsoft Visual Studio\2017\Community\VC\Tools\MSVC\14.13.26128\include\climits
  참고: 포함 파일:       C:\Program Files (x86)\Microsoft Visual Studio\2017\Community\VC\Tools\MSVC\14.13.26128\include\cmath
  참고: 포함 파일:        C:\Program Files (x86)\Microsoft Visual Studio\2017\Community\VC\Tools\MSVC\14.13.26128\include\xtgmath.h
  참고: 포함 파일:         C:\Program Files (x86)\Microsoft Visual Studio\2017\Community\VC\Tools\MSVC\14.13.26128\include\xtr1common
  참고: 포함 파일:       C:\Program Files (x86)\Microsoft Visual Studio\2017\Community\VC\Tools\MSVC\14.13.26128\include\cwchar
  참고: 포함 파일:       C:\Program Files (x86)\Microsoft Visual Studio\2017\Community\VC\Tools\MSVC\14.13.26128\include\xstddef
  참고: 포함 파일:        C:\Program Files (x86)\Microsoft Visual Studio\2017\Community\VC\Tools\MSVC\14.13.26128\include\cstddef
  참고: 포함 파일:        C:\Program Files (x86)\Microsoft Visual Studio\2017\Community\VC\Tools\MSVC\14.13.26128\include\initializer_list
  참고: 포함 파일:      C:\Program Files (x86)\Microsoft Visual Studio\2017\Community\VC\Tools\MSVC\14.13.26128\include\new
  참고: 포함 파일:       C:\Program Files (x86)\Microsoft Visual Studio\2017\Community\VC\Tools\MSVC\14.13.26128\include\exception
  참고: 포함 파일:        C:\Program Files (x86)\Microsoft Visual Studio\2017\Community\VC\Tools\MSVC\14.13.26128\include\type_traits
  참고: 포함 파일:        C:\Program Files (x86)\Microsoft Visual Studio\2017\Community\VC\Tools\MSVC\14.13.26128\include\vcruntime_exception.h
  참고: 포함 파일:         C:\Program Files (x86)\Microsoft Visual Studio\2017\Community\VC\Tools\MSVC\14.13.26128\include\eh.h
  참고: 포함 파일:          C:\Program Files (x86)\Windows Kits\10\Include\10.0.16299.0\ucrt\corecrt_terminate.h
  참고: 포함 파일:       C:\Program Files (x86)\Microsoft Visual Studio\2017\Community\VC\Tools\MSVC\14.13.26128\include\vcruntime_new.h
  참고: 포함 파일:        C:\Program Files (x86)\Microsoft Visual Studio\2017\Community\VC\Tools\MSVC\14.13.26128\include\vcruntime.h
  참고: 포함 파일:      C:\Program Files (x86)\Microsoft Visual Studio\2017\Community\VC\Tools\MSVC\14.13.26128\include\xutility
  참고: 포함 파일:       C:\Program Files (x86)\Microsoft Visual Studio\2017\Community\VC\Tools\MSVC\14.13.26128\include\utility
  참고: 포함 파일:        C:\Program Files (x86)\Microsoft Visual Studio\2017\Community\VC\Tools\MSVC\14.13.26128\include\iosfwd
  참고: 포함 파일:         C:\Program Files (x86)\Microsoft Visual Studio\2017\Community\VC\Tools\MSVC\14.13.26128\include\cstdio
  참고: 포함 파일:         C:\Program Files (x86)\Microsoft Visual Studio\2017\Community\VC\Tools\MSVC\14.13.26128\include\cstring
  참고: 포함 파일:         C:\Program Files (x86)\Windows Kits\10\Include\10.0.16299.0\ucrt\crtdbg.h
  참고: 포함 파일:          C:\Program Files (x86)\Microsoft Visual Studio\2017\Community\VC\Tools\MSVC\14.13.26128\include\vcruntime_new_debug.h
  참고: 포함 파일:      C:\Program Files (x86)\Microsoft Visual Studio\2017\Community\VC\Tools\MSVC\14.13.26128\include\xatomic0.h
  참고: 포함 파일:      C:\Program Files (x86)\Microsoft Visual Studio\2017\Community\VC\Tools\MSVC\14.13.26128\include\intrin0.h
  참고: 포함 파일:   C:\Program Files (x86)\Microsoft Visual Studio\2017\Community\VC\Tools\MSVC\14.13.26128\include\complex
  참고: 포함 파일:    C:\Program Files (x86)\Microsoft Visual Studio\2017\Community\VC\Tools\MSVC\14.13.26128\include\sstream
  참고: 포함 파일:     C:\Program Files (x86)\Microsoft Visual Studio\2017\Community\VC\Tools\MSVC\14.13.26128\include\string
  참고: 포함 파일:      C:\Program Files (x86)\Microsoft Visual Studio\2017\Community\VC\Tools\MSVC\14.13.26128\include\istream
  참고: 포함 파일:       C:\Program Files (x86)\Microsoft Visual Studio\2017\Community\VC\Tools\MSVC\14.13.26128\include\ostream
  참고: 포함 파일:        C:\Program Files (x86)\Microsoft Visual Studio\2017\Community\VC\Tools\MSVC\14.13.26128\include\ios
  참고: 포함 파일:         C:\Program Files (x86)\Microsoft Visual Studio\2017\Community\VC\Tools\MSVC\14.13.26128\include\xlocnum
  참고: 포함 파일:          C:\Program Files (x86)\Microsoft Visual Studio\2017\Community\VC\Tools\MSVC\14.13.26128\include\streambuf
  참고: 포함 파일:           C:\Program Files (x86)\Microsoft Visual Studio\2017\Community\VC\Tools\MSVC\14.13.26128\include\xiosbase
  참고: 포함 파일:            C:\Program Files (x86)\Microsoft Visual Studio\2017\Community\VC\Tools\MSVC\14.13.26128\include\xlocale
  참고: 포함 파일:             C:\Program Files (x86)\Microsoft Visual Studio\2017\Community\VC\Tools\MSVC\14.13.26128\include\stdexcept
  참고: 포함 파일:              C:\Program Files (x86)\Microsoft Visual Studio\2017\Community\VC\Tools\MSVC\14.13.26128\include\xstring
  참고: 포함 파일:             C:\Program Files (x86)\Microsoft Visual Studio\2017\Community\VC\Tools\MSVC\14.13.26128\include\typeinfo
  참고: 포함 파일:              C:\Program Files (x86)\Microsoft Visual Studio\2017\Community\VC\Tools\MSVC\14.13.26128\include\vcruntime_typeinfo.h
  참고: 포함 파일:               C:\Program Files (x86)\Microsoft Visual Studio\2017\Community\VC\Tools\MSVC\14.13.26128\include\vcruntime.h
  참고: 포함 파일:             C:\Program Files (x86)\Microsoft Visual Studio\2017\Community\VC\Tools\MSVC\14.13.26128\include\xlocinfo
  참고: 포함 파일:              C:\Program Files (x86)\Microsoft Visual Studio\2017\Community\VC\Tools\MSVC\14.13.26128\include\xlocinfo.h
  참고: 포함 파일:               C:\Program Files (x86)\Windows Kits\10\Include\10.0.16299.0\ucrt\ctype.h
  참고: 포함 파일:               C:\Program Files (x86)\Windows Kits\10\Include\10.0.16299.0\ucrt\locale.h
  참고: 포함 파일:             C:\Program Files (x86)\Microsoft Visual Studio\2017\Community\VC\Tools\MSVC\14.13.26128\include\xfacet
  참고: 포함 파일:            C:\Program Files (x86)\Microsoft Visual Studio\2017\Community\VC\Tools\MSVC\14.13.26128\include\system_error
  참고: 포함 파일:             C:\Program Files (x86)\Microsoft Visual Studio\2017\Community\VC\Tools\MSVC\14.13.26128\include\cerrno
  참고: 포함 파일:             C:\Program Files (x86)\Microsoft Visual Studio\2017\Community\VC\Tools\MSVC\14.13.26128\include\xcall_once.h
  참고: 포함 파일:            C:\Program Files (x86)\Windows Kits\10\Include\10.0.16299.0\ucrt\share.h
  참고: 포함 파일:      C:\Program Files (x86)\Microsoft Visual Studio\2017\Community\VC\Tools\MSVC\14.13.26128\include\xstring_insert.h
  참고: 포함 파일:    C:\Program Files (x86)\Microsoft Visual Studio\2017\Community\VC\Tools\MSVC\14.13.26128\include\xcomplex
  참고: 포함 파일:   C:\Program Files (x86)\Microsoft Visual Studio\2017\Community\VC\Tools\MSVC\14.13.26128\include\map
  참고: 포함 파일:    C:\Program Files (x86)\Microsoft Visual Studio\2017\Community\VC\Tools\MSVC\14.13.26128\include\tuple
  참고: 포함 파일:    C:\Program Files (x86)\Microsoft Visual Studio\2017\Community\VC\Tools\MSVC\14.13.26128\include\xtree
  참고: 포함 파일:   C:\Program Files (x86)\Microsoft Visual Studio\2017\Community\VC\Tools\MSVC\14.13.26128\include\vector
  참고: 포함 파일:   C:\Users\dg\Downloads\opencv\build\include\opencv2/core/operations.hpp
  참고: 포함 파일:   C:\Users\dg\Downloads\opencv\build\include\opencv2/core/mat.hpp
  참고: 포함 파일:  C:\Users\dg\Downloads\opencv\build\include\opencv2/imgproc/imgproc_c.h
  참고: 포함 파일:   C:\Users\dg\Downloads\opencv\build\include\opencv2/imgproc/types_c.h
  참고: 포함 파일:  C:\Users\dg\Downloads\opencv\build\include\opencv2/imgproc/imgproc.hpp
  참고: 포함 파일:  C:\Users\dg\Downloads\opencv\build\include\opencv2/video/tracking.hpp
  참고: 포함 파일:  C:\Users\dg\Downloads\opencv\build\include\opencv2/features2d/features2d.hpp
  참고: 포함 파일:   C:\Users\dg\Downloads\opencv\build\include\opencv2/flann/miniflann.hpp
  참고: 포함 파일:    C:\Users\dg\Downloads\opencv\build\include\opencv2/flann/defines.h
  참고: 포함 파일:     c:\users\dg\downloads\opencv\build\include\opencv2\flann\config.h
  참고: 포함 파일:  C:\Users\dg\Downloads\opencv\build\include\opencv2/flann/flann.hpp
  참고: 포함 파일:   C:\Users\dg\Downloads\opencv\build\include\opencv2/flann/flann_base.hpp
  참고: 포함 파일:    C:\Program Files (x86)\Microsoft Visual Studio\2017\Community\VC\Tools\MSVC\14.13.26128\include\cassert
  참고: 포함 파일:     C:\Program Files (x86)\Windows Kits\10\Include\10.0.16299.0\ucrt\assert.h
  참고: 포함 파일:    c:\users\dg\downloads\opencv\build\include\opencv2\flann\general.h
  참고: 포함 파일:     C:\Program Files (x86)\Microsoft Visual Studio\2017\Community\VC\Tools\MSVC\14.13.26128\include\cassert
  참고: 포함 파일:      C:\Program Files (x86)\Windows Kits\10\Include\10.0.16299.0\ucrt\assert.h
  참고: 포함 파일:    c:\users\dg\downloads\opencv\build\include\opencv2\flann\matrix.h
  참고: 포함 파일:    c:\users\dg\downloads\opencv\build\include\opencv2\flann\params.h
  참고: 포함 파일:     c:\users\dg\downloads\opencv\build\include\opencv2\flann\any.h
  참고: 포함 파일:     C:\Program Files (x86)\Microsoft Visual Studio\2017\Community\VC\Tools\MSVC\14.13.26128\include\iostream
  참고: 포함 파일:    c:\users\dg\downloads\opencv\build\include\opencv2\flann\saving.h
  참고: 포함 파일:     c:\users\dg\downloads\opencv\build\include\opencv2\flann\nn_index.h
  참고: 포함 파일:      c:\users\dg\downloads\opencv\build\include\opencv2\flann\result_set.h
  참고: 포함 파일:       C:\Program Files (x86)\Microsoft Visual Studio\2017\Community\VC\Tools\MSVC\14.13.26128\include\set
  참고: 포함 파일:    c:\users\dg\downloads\opencv\build\include\opencv2\flann\all_indices.h
  참고: 포함 파일:     c:\users\dg\downloads\opencv\build\include\opencv2\flann\kdtree_index.h
  참고: 포함 파일:      C:\Program Files (x86)\Microsoft Visual Studio\2017\Community\VC\Tools\MSVC\14.13.26128\include\cassert
  참고: 포함 파일:       C:\Program Files (x86)\Windows Kits\10\Include\10.0.16299.0\ucrt\assert.h
  참고: 포함 파일:      c:\users\dg\downloads\opencv\build\include\opencv2\flann\dynamic_bitset.h
  참고: 포함 파일:       c:\users\dg\downloads\opencv\build\include\opencv2\flann\dist.h
c:\users\dg\downloads\opencv\build\include\opencv2\flann\dist.h : warning C4819: 현재 코드 페이지(949)에서 표시할 수 없는 문자가 파일에 들어 있습니다. 데이터가 손실되지 않게 하려면 해당 파일을 유니코드 형식으로 저장하십시오.
  참고: 포함 파일:      c:\users\dg\downloads\opencv\build\include\opencv2\flann\heap.h
  참고: 포함 파일:      c:\users\dg\downloads\opencv\build\include\opencv2\flann\allocator.h
  참고: 포함 파일:      c:\users\dg\downloads\opencv\build\include\opencv2\flann\random.h
  참고: 포함 파일:     c:\users\dg\downloads\opencv\build\include\opencv2\flann\kdtree_single_index.h
  참고: 포함 파일:      C:\Program Files (x86)\Microsoft Visual Studio\2017\Community\VC\Tools\MSVC\14.13.26128\include\cassert
  참고: 포함 파일:       C:\Program Files (x86)\Windows Kits\10\Include\10.0.16299.0\ucrt\assert.h
  참고: 포함 파일:     c:\users\dg\downloads\opencv\build\include\opencv2\flann\kmeans_index.h
  참고: 포함 파일:      C:\Program Files (x86)\Microsoft Visual Studio\2017\Community\VC\Tools\MSVC\14.13.26128\include\cassert
  참고: 포함 파일:       C:\Program Files (x86)\Windows Kits\10\Include\10.0.16299.0\ucrt\assert.h
  참고: 포함 파일:      c:\users\dg\downloads\opencv\build\include\opencv2\flann\logger.h
  참고: 포함 파일:       C:\Program Files (x86)\Microsoft Visual Studio\2017\Community\VC\Tools\MSVC\14.13.26128\include\stdarg.h
  참고: 포함 파일:        C:\Program Files (x86)\Microsoft Visual Studio\2017\Community\VC\Tools\MSVC\14.13.26128\include\vcruntime.h
  참고: 포함 파일:     c:\users\dg\downloads\opencv\build\include\opencv2\flann\composite_index.h
  참고: 포함 파일:     c:\users\dg\downloads\opencv\build\include\opencv2\flann\linear_index.h
  참고: 포함 파일:     c:\users\dg\downloads\opencv\build\include\opencv2\flann\hierarchical_clustering_index.h
  참고: 포함 파일:      C:\Program Files (x86)\Microsoft Visual Studio\2017\Community\VC\Tools\MSVC\14.13.26128\include\cassert
  참고: 포함 파일:       C:\Program Files (x86)\Windows Kits\10\Include\10.0.16299.0\ucrt\assert.h
  참고: 포함 파일:     c:\users\dg\downloads\opencv\build\include\opencv2\flann\lsh_index.h
  참고: 포함 파일:      C:\Program Files (x86)\Microsoft Visual Studio\2017\Community\VC\Tools\MSVC\14.13.26128\include\cassert
  참고: 포함 파일:       C:\Program Files (x86)\Windows Kits\10\Include\10.0.16299.0\ucrt\assert.h
  참고: 포함 파일:      c:\users\dg\downloads\opencv\build\include\opencv2\flann\lsh_table.h
  참고: 포함 파일:       C:\Program Files (x86)\Microsoft Visual Studio\2017\Community\VC\Tools\MSVC\14.13.26128\include\iomanip
  참고: 포함 파일:        C:\Program Files (x86)\Microsoft Visual Studio\2017\Community\VC\Tools\MSVC\14.13.26128\include\xlocmon
  참고: 포함 파일:        C:\Program Files (x86)\Microsoft Visual Studio\2017\Community\VC\Tools\MSVC\14.13.26128\include\xloctime
  참고: 포함 파일:         C:\Program Files (x86)\Microsoft Visual Studio\2017\Community\VC\Tools\MSVC\14.13.26128\include\ctime
  참고: 포함 파일:          C:\Program Files (x86)\Windows Kits\10\Include\10.0.16299.0\ucrt\time.h
  참고: 포함 파일:       C:\Program Files (x86)\Windows Kits\10\Include\10.0.16299.0\ucrt\math.h
  참고: 포함 파일:     c:\users\dg\downloads\opencv\build\include\opencv2\flann\autotuned_index.h
  참고: 포함 파일:      c:\users\dg\downloads\opencv\build\include\opencv2\flann\ground_truth.h
  참고: 포함 파일:      c:\users\dg\downloads\opencv\build\include\opencv2\flann\index_testing.h
  참고: 포함 파일:       C:\Program Files (x86)\Microsoft Visual Studio\2017\Community\VC\Tools\MSVC\14.13.26128\include\cassert
  참고: 포함 파일:        C:\Program Files (x86)\Windows Kits\10\Include\10.0.16299.0\ucrt\assert.h
  참고: 포함 파일:       c:\users\dg\downloads\opencv\build\include\opencv2\flann\timer.h
  참고: 포함 파일:      c:\users\dg\downloads\opencv\build\include\opencv2\flann\sampling.h
  참고: 포함 파일:  C:\Users\dg\Downloads\opencv\build\include\opencv2/calib3d/calib3d.hpp
  참고: 포함 파일:   C:\Users\dg\Downloads\opencv\build\include\opencv2/core/affine.hpp
  참고: 포함 파일:  C:\Users\dg\Downloads\opencv\build\include\opencv2/objdetect/objdetect.hpp
  참고: 포함 파일:   C:\Program Files (x86)\Microsoft Visual Studio\2017\Community\VC\Tools\MSVC\14.13.26128\include\deque
  참고: 포함 파일:  C:\Users\dg\Downloads\opencv\build\include\opencv2/legacy/compat.hpp
  참고: 포함 파일:   C:\Program Files (x86)\Windows Kits\10\Include\10.0.16299.0\ucrt\math.h
  참고: 포함 파일:  C:\Users\dg\Downloads\opencv\build\include\opencv2/core/internal.hpp
  참고: 포함 파일:   C:\Program Files (x86)\Microsoft Visual Studio\2017\Community\VC\Tools\MSVC\14.13.26128\include\pmmintrin.h
  참고: 포함 파일:   C:\Program Files (x86)\Microsoft Visual Studio\2017\Community\VC\Tools\MSVC\14.13.26128\include\tmmintrin.h
  참고: 포함 파일:   C:\Program Files (x86)\Microsoft Visual Studio\2017\Community\VC\Tools\MSVC\14.13.26128\include\smmintrin.h
  참고: 포함 파일:   C:\Program Files (x86)\Microsoft Visual Studio\2017\Community\VC\Tools\MSVC\14.13.26128\include\nmmintrin.h
  참고: 포함 파일:   C:\Program Files (x86)\Microsoft Visual Studio\2017\Community\VC\Tools\MSVC\14.13.26128\include\immintrin.h
  참고: 포함 파일:    C:\Program Files (x86)\Microsoft Visual Studio\2017\Community\VC\Tools\MSVC\14.13.26128\include\wmmintrin.h
  참고: 포함 파일:    C:\Program Files (x86)\Microsoft Visual Studio\2017\Community\VC\Tools\MSVC\14.13.26128\include\zmmintrin.h
  참고: 포함 파일: C:\Users\dg\Downloads\opencv\build\include\opencv/highgui.h
  참고: 포함 파일:  C:\Users\dg\Downloads\opencv\build\include\opencv2/highgui/highgui_c.h
  참고: 포함 파일:  C:\Users\dg\Downloads\opencv\build\include\opencv2/highgui/highgui.hpp
  참고: 포함 파일: C:\Users\dg\Downloads\opencv\build\include\opencv/cxcore.h
  참고: 포함 파일: C:\Users\dg\Downloads\opencv\build\include\opencv2/opencv.hpp
  참고: 포함 파일:  C:\Users\dg\Downloads\opencv\build\include\opencv2/photo/photo.hpp
  참고: 포함 파일:   C:\Users\dg\Downloads\opencv\build\include\opencv2/photo/photo_c.h
  참고: 포함 파일:  C:\Users\dg\Downloads\opencv\build\include\opencv2/video/video.hpp
  참고: 포함 파일:   C:\Users\dg\Downloads\opencv\build\include\opencv2/video/background_segm.hpp
  참고: 포함 파일:    C:\Program Files (x86)\Microsoft Visual Studio\2017\Community\VC\Tools\MSVC\14.13.26128\include\list
  참고: 포함 파일:  C:\Users\dg\Downloads\opencv\build\include\opencv2/ml/ml.hpp
  참고: 포함 파일:  C:\Users\dg\Downloads\opencv\build\include\opencv2/contrib/contrib.hpp
  참고: 포함 파일:   C:\Users\dg\Downloads\opencv\build\include\opencv2/contrib/retina.hpp
  참고: 포함 파일:    C:\Program Files (x86)\Microsoft Visual Studio\2017\Community\VC\Tools\MSVC\14.13.26128\include\valarray
  참고: 포함 파일:   C:\Users\dg\Downloads\opencv\build\include\opencv2/contrib/openfabmap.hpp
  참고: 포함 파일: C:\Program Files (x86)\Microsoft Visual Studio\2017\Community\VC\Tools\MSVC\14.13.26128\include\ppl.h
  참고: 포함 파일:  C:\Program Files (x86)\Microsoft Visual Studio\2017\Community\VC\Tools\MSVC\14.13.26128\include\crtdefs.h
  참고: 포함 파일:   C:\Program Files (x86)\Microsoft Visual Studio\2017\Community\VC\Tools\MSVC\14.13.26128\include\vcruntime.h
  참고: 포함 파일:  C:\Program Files (x86)\Microsoft Visual Studio\2017\Community\VC\Tools\MSVC\14.13.26128\include\concrt.h
  참고: 포함 파일:   C:\Program Files (x86)\Microsoft Visual Studio\2017\Community\VC\Tools\MSVC\14.13.26128\include\crtdefs.h
  참고: 포함 파일:    C:\Program Files (x86)\Microsoft Visual Studio\2017\Community\VC\Tools\MSVC\14.13.26128\include\vcruntime.h
  참고: 포함 파일:   C:\Program Files (x86)\Windows Kits\10\Include\10.0.16299.0\shared\guiddef.h
  참고: 포함 파일:   C:\Program Files (x86)\Microsoft Visual Studio\2017\Community\VC\Tools\MSVC\14.13.26128\include\intrin.h
  참고: 포함 파일:    C:\Program Files (x86)\Microsoft Visual Studio\2017\Community\VC\Tools\MSVC\14.13.26128\include\vcruntime.h
  참고: 포함 파일:    C:\Program Files (x86)\Microsoft Visual Studio\2017\Community\VC\Tools\MSVC\14.13.26128\include\setjmp.h
  참고: 포함 파일:     C:\Program Files (x86)\Microsoft Visual Studio\2017\Community\VC\Tools\MSVC\14.13.26128\include\vcruntime.h
  참고: 포함 파일:    C:\Program Files (x86)\Microsoft Visual Studio\2017\Community\VC\Tools\MSVC\14.13.26128\include\ammintrin.h
  참고: 포함 파일:    C:\Program Files (x86)\Microsoft Visual Studio\2017\Community\VC\Tools\MSVC\14.13.26128\include\mm3dnow.h
  참고: 포함 파일:     C:\Program Files (x86)\Microsoft Visual Studio\2017\Community\VC\Tools\MSVC\14.13.26128\include\vcruntime.h
  참고: 포함 파일:   C:\Program Files (x86)\Microsoft Visual Studio\2017\Community\VC\Tools\MSVC\14.13.26128\include\pplinterface.h
  참고: 포함 파일:    C:\Program Files (x86)\Microsoft Visual Studio\2017\Community\VC\Tools\MSVC\14.13.26128\include\memory
  참고: 포함 파일:    C:\Program Files (x86)\Microsoft Visual Studio\2017\Community\VC\Tools\MSVC\14.13.26128\include\atomic
  참고: 포함 파일:     C:\Program Files (x86)\Microsoft Visual Studio\2017\Community\VC\Tools\MSVC\14.13.26128\include\xatomic.h
  참고: 포함 파일:     C:\Program Files (x86)\Microsoft Visual Studio\2017\Community\VC\Tools\MSVC\14.13.26128\include\xxatomic
  참고: 포함 파일:     C:\Program Files (x86)\Microsoft Visual Studio\2017\Community\VC\Tools\MSVC\14.13.26128\include\xxatomic
  참고: 포함 파일:     C:\Program Files (x86)\Microsoft Visual Studio\2017\Community\VC\Tools\MSVC\14.13.26128\include\xxatomic
  참고: 포함 파일:     C:\Program Files (x86)\Microsoft Visual Studio\2017\Community\VC\Tools\MSVC\14.13.26128\include\xxatomic
  참고: 포함 파일:     C:\Program Files (x86)\Microsoft Visual Studio\2017\Community\VC\Tools\MSVC\14.13.26128\include\xxatomic
  참고: 포함 파일:     C:\Program Files (x86)\Microsoft Visual Studio\2017\Community\VC\Tools\MSVC\14.13.26128\include\xxatomic
  참고: 포함 파일:     C:\Program Files (x86)\Microsoft Visual Studio\2017\Community\VC\Tools\MSVC\14.13.26128\include\xxatomic
  참고: 포함 파일:     C:\Program Files (x86)\Microsoft Visual Studio\2017\Community\VC\Tools\MSVC\14.13.26128\include\xxatomic
  참고: 포함 파일:     C:\Program Files (x86)\Microsoft Visual Studio\2017\Community\VC\Tools\MSVC\14.13.26128\include\xxatomic
  참고: 포함 파일:     C:\Program Files (x86)\Microsoft Visual Studio\2017\Community\VC\Tools\MSVC\14.13.26128\include\xxatomic
  참고: 포함 파일:     C:\Program Files (x86)\Microsoft Visual Studio\2017\Community\VC\Tools\MSVC\14.13.26128\include\xxatomic
  참고: 포함 파일:     C:\Program Files (x86)\Microsoft Visual Studio\2017\Community\VC\Tools\MSVC\14.13.26128\include\xxatomic
  참고: 포함 파일:     C:\Program Files (x86)\Microsoft Visual Studio\2017\Community\VC\Tools\MSVC\14.13.26128\include\xxatomic
  참고: 포함 파일:     C:\Program Files (x86)\Microsoft Visual Studio\2017\Community\VC\Tools\MSVC\14.13.26128\include\xxatomic
  참고: 포함 파일:     C:\Program Files (x86)\Microsoft Visual Studio\2017\Community\VC\Tools\MSVC\14.13.26128\include\xxatomic
  참고: 포함 파일:     C:\Program Files (x86)\Microsoft Visual Studio\2017\Community\VC\Tools\MSVC\14.13.26128\include\xxatomic
  참고: 포함 파일:  C:\Program Files (x86)\Microsoft Visual Studio\2017\Community\VC\Tools\MSVC\14.13.26128\include\iterator
  참고: 포함 파일:  C:\Program Files (x86)\Microsoft Visual Studio\2017\Community\VC\Tools\MSVC\14.13.26128\include\functional
  참고: 포함 파일:   C:\Program Files (x86)\Microsoft Visual Studio\2017\Community\VC\Tools\MSVC\14.13.26128\include\xfunctional
  참고: 포함 파일:  C:\Program Files (x86)\Microsoft Visual Studio\2017\Community\VC\Tools\MSVC\14.13.26128\include\pplwin.h
  참고: 포함 파일:   C:\Program Files (x86)\Microsoft Visual Studio\2017\Community\VC\Tools\MSVC\14.13.26128\include\condition_variable
  참고: 포함 파일:    C:\Program Files (x86)\Microsoft Visual Studio\2017\Community\VC\Tools\MSVC\14.13.26128\include\thr/xthread
  참고: 포함 파일:     C:\Program Files (x86)\Microsoft Visual Studio\2017\Community\VC\Tools\MSVC\14.13.26128\include\thr/xthrcommon.h
  참고: 포함 파일:     C:\Program Files (x86)\Microsoft Visual Studio\2017\Community\VC\Tools\MSVC\14.13.26128\include\thr/xtime
  참고: 포함 파일:      C:\Program Files (x86)\Microsoft Visual Studio\2017\Community\VC\Tools\MSVC\14.13.26128\include\thr/xtimec.h
  참고: 포함 파일:     C:\Program Files (x86)\Microsoft Visual Studio\2017\Community\VC\Tools\MSVC\14.13.26128\include\thr/xthreads.h
  참고: 포함 파일:    C:\Program Files (x86)\Microsoft Visual Studio\2017\Community\VC\Tools\MSVC\14.13.26128\include\mutex
  참고: 포함 파일:     C:\Program Files (x86)\Microsoft Visual Studio\2017\Community\VC\Tools\MSVC\14.13.26128\include\chrono
  참고: 포함 파일:      C:\Program Files (x86)\Microsoft Visual Studio\2017\Community\VC\Tools\MSVC\14.13.26128\include\ratio
  참고: 포함 파일:     C:\Program Files (x86)\Microsoft Visual Studio\2017\Community\VC\Tools\MSVC\14.13.26128\include\thread
  참고: 포함 파일:   C:\Program Files (x86)\Microsoft Visual Studio\2017\Community\VC\Tools\MSVC\14.13.26128\include\ppltaskscheduler.h
  참고: 포함 파일:    C:\Program Files (x86)\Microsoft Visual Studio\2017\Community\VC\Tools\MSVC\14.13.26128\include\crtdefs.h
  참고: 포함 파일:     C:\Program Files (x86)\Microsoft Visual Studio\2017\Community\VC\Tools\MSVC\14.13.26128\include\vcruntime.h
  참고: 포함 파일:   C:\Program Files (x86)\Microsoft Visual Studio\2017\Community\VC\Tools\MSVC\14.13.26128\include\pplcancellation_token.h
  참고: 포함 파일: C:\Program Files (x86)\Windows Kits\10\Include\10.0.16299.0\um\windows.h
  참고: 포함 파일:  C:\Program Files (x86)\Windows Kits\10\Include\10.0.16299.0\shared\winapifamily.h
  참고: 포함 파일:   C:\Program Files (x86)\Windows Kits\10\Include\10.0.16299.0\shared\winpackagefamily.h
  참고: 포함 파일:  C:\Program Files (x86)\Microsoft Visual Studio\2017\Community\VC\Tools\MSVC\14.13.26128\include\excpt.h
  참고: 포함 파일:   C:\Program Files (x86)\Microsoft Visual Studio\2017\Community\VC\Tools\MSVC\14.13.26128\include\vcruntime.h
  참고: 포함 파일:  C:\Program Files (x86)\Windows Kits\10\Include\10.0.16299.0\shared\windef.h
  참고: 포함 파일:   C:\Program Files (x86)\Windows Kits\10\Include\10.0.16299.0\shared\minwindef.h
  참고: 포함 파일:    C:\Program Files (x86)\Windows Kits\10\Include\10.0.16299.0\shared\specstrings.h
  참고: 포함 파일:     C:\Program Files (x86)\Windows Kits\10\Include\10.0.16299.0\shared\specstrings_strict.h
  참고: 포함 파일:      C:\Program Files (x86)\Windows Kits\10\Include\10.0.16299.0\shared\specstrings_undef.h
  참고: 포함 파일:     C:\Program Files (x86)\Windows Kits\10\Include\10.0.16299.0\shared\driverspecs.h
  참고: 포함 파일:      c:\program files (x86)\windows kits\10\include\10.0.16299.0\shared\sdv_driverspecs.h
  참고: 포함 파일:    C:\Program Files (x86)\Windows Kits\10\Include\10.0.16299.0\um\winnt.h
  참고: 포함 파일:     C:\Program Files (x86)\Windows Kits\10\Include\10.0.16299.0\shared\kernelspecs.h
  참고: 포함 파일:     C:\Program Files (x86)\Windows Kits\10\Include\10.0.16299.0\shared\basetsd.h
  참고: 포함 파일:     C:\Program Files (x86)\Windows Kits\10\Include\10.0.16299.0\shared\guiddef.h
  참고: 포함 파일:     c:\program files (x86)\windows kits\10\include\10.0.16299.0\shared\pshpack4.h
  참고: 포함 파일:     c:\program files (x86)\windows kits\10\include\10.0.16299.0\shared\poppack.h
  참고: 포함 파일:     c:\program files (x86)\windows kits\10\include\10.0.16299.0\shared\pshpack4.h
  참고: 포함 파일:     c:\program files (x86)\windows kits\10\include\10.0.16299.0\shared\poppack.h
  참고: 포함 파일:     C:\Program Files (x86)\Windows Kits\10\Include\10.0.16299.0\shared\pshpack4.h
  참고: 포함 파일:     C:\Program Files (x86)\Windows Kits\10\Include\10.0.16299.0\shared\poppack.h
  참고: 포함 파일:     c:\program files (x86)\windows kits\10\include\10.0.16299.0\shared\pshpack4.h
  참고: 포함 파일:     c:\program files (x86)\windows kits\10\include\10.0.16299.0\shared\pshpack2.h
  참고: 포함 파일:     c:\program files (x86)\windows kits\10\include\10.0.16299.0\shared\poppack.h
  참고: 포함 파일:     c:\program files (x86)\windows kits\10\include\10.0.16299.0\shared\pshpack2.h
  참고: 포함 파일:     C:\Program Files (x86)\Windows Kits\10\Include\10.0.16299.0\shared\pshpack2.h
  참고: 포함 파일:     C:\Program Files (x86)\Windows Kits\10\Include\10.0.16299.0\shared\poppack.h
  참고: 포함 파일:     c:\program files (x86)\windows kits\10\include\10.0.16299.0\shared\poppack.h
  참고: 포함 파일:     c:\program files (x86)\windows kits\10\include\10.0.16299.0\shared\pshpack8.h
  참고: 포함 파일:     c:\program files (x86)\windows kits\10\include\10.0.16299.0\shared\poppack.h
  참고: 포함 파일:     c:\program files (x86)\windows kits\10\include\10.0.16299.0\shared\pshpack1.h
  참고: 포함 파일:     c:\program files (x86)\windows kits\10\include\10.0.16299.0\shared\poppack.h
  참고: 포함 파일:     c:\program files (x86)\windows kits\10\include\10.0.16299.0\shared\pshpack1.h
  참고: 포함 파일:     c:\program files (x86)\windows kits\10\include\10.0.16299.0\shared\poppack.h
  참고: 포함 파일:     c:\program files (x86)\windows kits\10\include\10.0.16299.0\shared\poppack.h
  참고: 포함 파일:     C:\Program Files (x86)\Windows Kits\10\Include\10.0.16299.0\shared\apiset.h
  참고: 포함 파일:     C:\Program Files (x86)\Windows Kits\10\Include\10.0.16299.0\shared\ktmtypes.h
  참고: 포함 파일:  C:\Program Files (x86)\Windows Kits\10\Include\10.0.16299.0\um\winbase.h
  참고: 포함 파일:   C:\Program Files (x86)\Windows Kits\10\Include\10.0.16299.0\shared\apisetcconv.h
  참고: 포함 파일:   C:\Program Files (x86)\Windows Kits\10\Include\10.0.16299.0\um\minwinbase.h
  참고: 포함 파일:   C:\Program Files (x86)\Windows Kits\10\Include\10.0.16299.0\um\processenv.h
  참고: 포함 파일:   C:\Program Files (x86)\Windows Kits\10\Include\10.0.16299.0\um\fileapi.h
  참고: 포함 파일:   C:\Program Files (x86)\Windows Kits\10\Include\10.0.16299.0\um\debugapi.h
  참고: 포함 파일:   C:\Program Files (x86)\Windows Kits\10\Include\10.0.16299.0\um\utilapiset.h
  참고: 포함 파일:   C:\Program Files (x86)\Windows Kits\10\Include\10.0.16299.0\um\handleapi.h
  참고: 포함 파일:   C:\Program Files (x86)\Windows Kits\10\Include\10.0.16299.0\um\errhandlingapi.h
  참고: 포함 파일:   C:\Program Files (x86)\Windows Kits\10\Include\10.0.16299.0\um\fibersapi.h
  참고: 포함 파일:   C:\Program Files (x86)\Windows Kits\10\Include\10.0.16299.0\um\namedpipeapi.h
  참고: 포함 파일:   C:\Program Files (x86)\Windows Kits\10\Include\10.0.16299.0\um\profileapi.h
  참고: 포함 파일:   C:\Program Files (x86)\Windows Kits\10\Include\10.0.16299.0\um\heapapi.h
  참고: 포함 파일:   C:\Program Files (x86)\Windows Kits\10\Include\10.0.16299.0\um\ioapiset.h
  참고: 포함 파일:   C:\Program Files (x86)\Windows Kits\10\Include\10.0.16299.0\um\synchapi.h
  참고: 포함 파일:   C:\Program Files (x86)\Windows Kits\10\Include\10.0.16299.0\um\interlockedapi.h
  참고: 포함 파일:   C:\Program Files (x86)\Windows Kits\10\Include\10.0.16299.0\um\processthreadsapi.h
  참고: 포함 파일:   C:\Program Files (x86)\Windows Kits\10\Include\10.0.16299.0\um\sysinfoapi.h
  참고: 포함 파일:   C:\Program Files (x86)\Windows Kits\10\Include\10.0.16299.0\um\memoryapi.h
  참고: 포함 파일:   C:\Program Files (x86)\Windows Kits\10\Include\10.0.16299.0\um\enclaveapi.h
  참고: 포함 파일:   C:\Program Files (x86)\Windows Kits\10\Include\10.0.16299.0\um\threadpoollegacyapiset.h
  참고: 포함 파일:   C:\Program Files (x86)\Windows Kits\10\Include\10.0.16299.0\um\threadpoolapiset.h
  참고: 포함 파일:   C:\Program Files (x86)\Windows Kits\10\Include\10.0.16299.0\um\jobapi.h
  참고: 포함 파일:   C:\Program Files (x86)\Windows Kits\10\Include\10.0.16299.0\um\jobapi2.h
  참고: 포함 파일:   C:\Program Files (x86)\Windows Kits\10\Include\10.0.16299.0\um\wow64apiset.h
  참고: 포함 파일:   C:\Program Files (x86)\Windows Kits\10\Include\10.0.16299.0\um\libloaderapi.h
  참고: 포함 파일:   C:\Program Files (x86)\Windows Kits\10\Include\10.0.16299.0\um\securitybaseapi.h
  참고: 포함 파일:   C:\Program Files (x86)\Windows Kits\10\Include\10.0.16299.0\um\namespaceapi.h
  참고: 포함 파일:   C:\Program Files (x86)\Windows Kits\10\Include\10.0.16299.0\um\systemtopologyapi.h
  참고: 포함 파일:   C:\Program Files (x86)\Windows Kits\10\Include\10.0.16299.0\um\processtopologyapi.h
  참고: 포함 파일:   C:\Program Files (x86)\Windows Kits\10\Include\10.0.16299.0\um\securityappcontainer.h
  참고: 포함 파일:   C:\Program Files (x86)\Windows Kits\10\Include\10.0.16299.0\um\realtimeapiset.h
  참고: 포함 파일:   C:\Program Files (x86)\Windows Kits\10\Include\10.0.16299.0\shared\winerror.h
  참고: 포함 파일:   C:\Program Files (x86)\Windows Kits\10\Include\10.0.16299.0\um\timezoneapi.h
  참고: 포함 파일:  C:\Program Files (x86)\Windows Kits\10\Include\10.0.16299.0\um\wingdi.h
  참고: 포함 파일:   C:\Program Files (x86)\Windows Kits\10\Include\10.0.16299.0\shared\pshpack1.h
  참고: 포함 파일:   C:\Program Files (x86)\Windows Kits\10\Include\10.0.16299.0\shared\poppack.h
  참고: 포함 파일:   C:\Program Files (x86)\Windows Kits\10\Include\10.0.16299.0\shared\pshpack2.h
  참고: 포함 파일:   C:\Program Files (x86)\Windows Kits\10\Include\10.0.16299.0\shared\poppack.h
  참고: 포함 파일:   C:\Program Files (x86)\Windows Kits\10\Include\10.0.16299.0\shared\pshpack2.h
  참고: 포함 파일:   C:\Program Files (x86)\Windows Kits\10\Include\10.0.16299.0\shared\poppack.h
  참고: 포함 파일:   C:\Program Files (x86)\Windows Kits\10\Include\10.0.16299.0\shared\pshpack4.h
  참고: 포함 파일:   C:\Program Files (x86)\Windows Kits\10\Include\10.0.16299.0\shared\poppack.h
  참고: 포함 파일:   C:\Program Files (x86)\Windows Kits\10\Include\10.0.16299.0\shared\pshpack4.h
  참고: 포함 파일:   C:\Program Files (x86)\Windows Kits\10\Include\10.0.16299.0\shared\poppack.h
  참고: 포함 파일:  C:\Program Files (x86)\Windows Kits\10\Include\10.0.16299.0\um\winuser.h
  참고: 포함 파일:   C:\Program Files (x86)\Windows Kits\10\Include\10.0.16299.0\shared\pshpack2.h
  참고: 포함 파일:   C:\Program Files (x86)\Windows Kits\10\Include\10.0.16299.0\shared\poppack.h
  참고: 포함 파일:   C:\Program Files (x86)\Windows Kits\10\Include\10.0.16299.0\shared\tvout.h
  참고: 포함 파일:  C:\Program Files (x86)\Windows Kits\10\Include\10.0.16299.0\um\winnls.h
  참고: 포함 파일:   C:\Program Files (x86)\Windows Kits\10\Include\10.0.16299.0\um\datetimeapi.h
  참고: 포함 파일:   C:\Program Files (x86)\Windows Kits\10\Include\10.0.16299.0\um\stringapiset.h
  참고: 포함 파일:    C:\Program Files (x86)\Windows Kits\10\Include\10.0.16299.0\um\winnls.h
  참고: 포함 파일:  C:\Program Files (x86)\Windows Kits\10\Include\10.0.16299.0\um\wincon.h
  참고: 포함 파일:   C:\Program Files (x86)\Windows Kits\10\Include\10.0.16299.0\um\consoleapi.h
  참고: 포함 파일:  C:\Program Files (x86)\Windows Kits\10\Include\10.0.16299.0\um\winver.h
  참고: 포함 파일:   C:\Program Files (x86)\Windows Kits\10\Include\10.0.16299.0\um\verrsrc.h
  참고: 포함 파일:  C:\Program Files (x86)\Windows Kits\10\Include\10.0.16299.0\um\winreg.h
  참고: 포함 파일:   C:\Program Files (x86)\Windows Kits\10\Include\10.0.16299.0\um\reason.h
  참고: 포함 파일:  C:\Program Files (x86)\Windows Kits\10\Include\10.0.16299.0\um\winnetwk.h
  참고: 포함 파일:   C:\Program Files (x86)\Windows Kits\10\Include\10.0.16299.0\shared\wnnc.h
  참고: 포함 파일:  C:\Program Files (x86)\Windows Kits\10\Include\10.0.16299.0\shared\cderr.h
  참고: 포함 파일:  C:\Program Files (x86)\Windows Kits\10\Include\10.0.16299.0\um\dde.h
  참고: 포함 파일:  C:\Program Files (x86)\Windows Kits\10\Include\10.0.16299.0\um\ddeml.h
  참고: 포함 파일:  C:\Program Files (x86)\Windows Kits\10\Include\10.0.16299.0\um\dlgs.h
  참고: 포함 파일:  C:\Program Files (x86)\Windows Kits\10\Include\10.0.16299.0\um\lzexpand.h
  참고: 포함 파일:  C:\Program Files (x86)\Windows Kits\10\Include\10.0.16299.0\um\mmsystem.h
  참고: 포함 파일:   C:\Program Files (x86)\Windows Kits\10\Include\10.0.16299.0\um\mmsyscom.h
  참고: 포함 파일:    C:\Program Files (x86)\Windows Kits\10\Include\10.0.16299.0\shared\pshpack1.h
  참고: 포함 파일:    C:\Program Files (x86)\Windows Kits\10\Include\10.0.16299.0\shared\poppack.h
  참고: 포함 파일:   C:\Program Files (x86)\Windows Kits\10\Include\10.0.16299.0\shared\pshpack1.h
  참고: 포함 파일:   C:\Program Files (x86)\Windows Kits\10\Include\10.0.16299.0\um\mciapi.h
  참고: 포함 파일:    C:\Program Files (x86)\Windows Kits\10\Include\10.0.16299.0\um\mmsyscom.h
  참고: 포함 파일:   C:\Program Files (x86)\Windows Kits\10\Include\10.0.16299.0\um\mmiscapi.h
  참고: 포함 파일:    C:\Program Files (x86)\Windows Kits\10\Include\10.0.16299.0\um\mmsyscom.h
  참고: 포함 파일:   C:\Program Files (x86)\Windows Kits\10\Include\10.0.16299.0\um\mmiscapi2.h
  참고: 포함 파일:    C:\Program Files (x86)\Windows Kits\10\Include\10.0.16299.0\um\mmsyscom.h
  참고: 포함 파일:   C:\Program Files (x86)\Windows Kits\10\Include\10.0.16299.0\um\playsoundapi.h
  참고: 포함 파일:    C:\Program Files (x86)\Windows Kits\10\Include\10.0.16299.0\um\mmsyscom.h
  참고: 포함 파일:   C:\Program Files (x86)\Windows Kits\10\Include\10.0.16299.0\um\mmeapi.h
  참고: 포함 파일:    C:\Program Files (x86)\Windows Kits\10\Include\10.0.16299.0\um\mmsyscom.h
  참고: 포함 파일:   C:\Program Files (x86)\Windows Kits\10\Include\10.0.16299.0\um\timeapi.h
  참고: 포함 파일:    C:\Program Files (x86)\Windows Kits\10\Include\10.0.16299.0\um\mmsyscom.h
  참고: 포함 파일:   C:\Program Files (x86)\Windows Kits\10\Include\10.0.16299.0\um\joystickapi.h
  참고: 포함 파일:    C:\Program Files (x86)\Windows Kits\10\Include\10.0.16299.0\um\mmsyscom.h
  참고: 포함 파일:   C:\Program Files (x86)\Windows Kits\10\Include\10.0.16299.0\shared\poppack.h
  참고: 포함 파일:  C:\Program Files (x86)\Windows Kits\10\Include\10.0.16299.0\um\nb30.h
  참고: 포함 파일:  C:\Program Files (x86)\Windows Kits\10\Include\10.0.16299.0\shared\rpc.h
  참고: 포함 파일:   C:\Program Files (x86)\Windows Kits\10\Include\10.0.16299.0\shared\rpcdce.h
  참고: 포함 파일:    C:\Program Files (x86)\Windows Kits\10\Include\10.0.16299.0\shared\rpcdcep.h
  참고: 포함 파일:   C:\Program Files (x86)\Windows Kits\10\Include\10.0.16299.0\um\rpcnsi.h
  참고: 포함 파일:   C:\Program Files (x86)\Windows Kits\10\Include\10.0.16299.0\shared\rpcnterr.h
  참고: 포함 파일:   C:\Program Files (x86)\Windows Kits\10\Include\10.0.16299.0\shared\rpcasync.h
  참고: 포함 파일:  C:\Program Files (x86)\Windows Kits\10\Include\10.0.16299.0\um\shellapi.h
  참고: 포함 파일:   C:\Program Files (x86)\Windows Kits\10\Include\10.0.16299.0\shared\pshpack1.h
  참고: 포함 파일:   C:\Program Files (x86)\Windows Kits\10\Include\10.0.16299.0\shared\poppack.h
  참고: 포함 파일:  C:\Program Files (x86)\Windows Kits\10\Include\10.0.16299.0\um\winperf.h
  참고: 포함 파일:   C:\Program Files (x86)\Windows Kits\10\Include\10.0.16299.0\shared\pshpack8.h
  참고: 포함 파일:   C:\Program Files (x86)\Windows Kits\10\Include\10.0.16299.0\shared\poppack.h
  참고: 포함 파일:  C:\Program Files (x86)\Windows Kits\10\Include\10.0.16299.0\um\winsock.h
  참고: 포함 파일:   C:\Program Files (x86)\Windows Kits\10\Include\10.0.16299.0\shared\inaddr.h
  참고: 포함 파일:  C:\Program Files (x86)\Windows Kits\10\Include\10.0.16299.0\um\wincrypt.h
  참고: 포함 파일:   C:\Program Files (x86)\Windows Kits\10\Include\10.0.16299.0\shared\bcrypt.h
  참고: 포함 파일:   C:\Program Files (x86)\Windows Kits\10\Include\10.0.16299.0\um\ncrypt.h
  참고: 포함 파일:   C:\Program Files (x86)\Windows Kits\10\Include\10.0.16299.0\um\dpapi.h
  참고: 포함 파일:  C:\Program Files (x86)\Windows Kits\10\Include\10.0.16299.0\um\winefs.h
  참고: 포함 파일:  C:\Program Files (x86)\Windows Kits\10\Include\10.0.16299.0\um\winscard.h
  참고: 포함 파일:   C:\Program Files (x86)\Windows Kits\10\Include\10.0.16299.0\shared\wtypes.h
  참고: 포함 파일:    c:\program files (x86)\windows kits\10\include\10.0.16299.0\shared\rpcndr.h
  참고: 포함 파일:     C:\Program Files (x86)\Windows Kits\10\Include\10.0.16299.0\shared\pshpack8.h
  참고: 포함 파일:     C:\Program Files (x86)\Windows Kits\10\Include\10.0.16299.0\um\rpcnsip.h
  참고: 포함 파일:     C:\Program Files (x86)\Windows Kits\10\Include\10.0.16299.0\shared\rpcsal.h
  참고: 포함 파일:     C:\Program Files (x86)\Windows Kits\10\Include\10.0.16299.0\shared\poppack.h
  참고: 포함 파일:    c:\program files (x86)\windows kits\10\include\10.0.16299.0\shared\wtypesbase.h
  참고: 포함 파일:     c:\program files (x86)\windows kits\10\include\10.0.16299.0\shared\guiddef.h
  참고: 포함 파일:   C:\Program Files (x86)\Windows Kits\10\Include\10.0.16299.0\um\winioctl.h
  참고: 포함 파일:    C:\Program Files (x86)\Windows Kits\10\Include\10.0.16299.0\shared\pshpack1.h
  참고: 포함 파일:    C:\Program Files (x86)\Windows Kits\10\Include\10.0.16299.0\shared\poppack.h
  참고: 포함 파일:    C:\Program Files (x86)\Windows Kits\10\Include\10.0.16299.0\shared\pshpack1.h
  참고: 포함 파일:    C:\Program Files (x86)\Windows Kits\10\Include\10.0.16299.0\shared\poppack.h
  참고: 포함 파일:    C:\Program Files (x86)\Windows Kits\10\Include\10.0.16299.0\shared\pshpack1.h
  참고: 포함 파일:    C:\Program Files (x86)\Windows Kits\10\Include\10.0.16299.0\shared\poppack.h
  참고: 포함 파일:    C:\Program Files (x86)\Windows Kits\10\Include\10.0.16299.0\shared\pshpack1.h
  참고: 포함 파일:    C:\Program Files (x86)\Windows Kits\10\Include\10.0.16299.0\shared\poppack.h
  참고: 포함 파일:    C:\Program Files (x86)\Windows Kits\10\Include\10.0.16299.0\shared\pshpack1.h
  참고: 포함 파일:    C:\Program Files (x86)\Windows Kits\10\Include\10.0.16299.0\shared\poppack.h
  참고: 포함 파일:    C:\Program Files (x86)\Windows Kits\10\Include\10.0.16299.0\shared\pshpack1.h
  참고: 포함 파일:    C:\Program Files (x86)\Windows Kits\10\Include\10.0.16299.0\shared\poppack.h
  참고: 포함 파일:    C:\Program Files (x86)\Windows Kits\10\Include\10.0.16299.0\shared\pshpack1.h
  참고: 포함 파일:    C:\Program Files (x86)\Windows Kits\10\Include\10.0.16299.0\shared\poppack.h
  참고: 포함 파일:   C:\Program Files (x86)\Windows Kits\10\Include\10.0.16299.0\shared\winsmcrd.h
  참고: 포함 파일:  C:\Program Files (x86)\Windows Kits\10\Include\10.0.16299.0\um\winspool.h
  참고: 포함 파일:   C:\Program Files (x86)\Windows Kits\10\Include\10.0.16299.0\um\prsht.h
  참고: 포함 파일:    C:\Program Files (x86)\Windows Kits\10\Include\10.0.16299.0\shared\pshpack4.h
  참고: 포함 파일:    C:\Program Files (x86)\Windows Kits\10\Include\10.0.16299.0\shared\poppack.h
  참고: 포함 파일:  C:\Program Files (x86)\Windows Kits\10\Include\10.0.16299.0\um\ole2.h
  참고: 포함 파일:   C:\Program Files (x86)\Windows Kits\10\Include\10.0.16299.0\shared\pshpack8.h
  참고: 포함 파일:   C:\Program Files (x86)\Windows Kits\10\Include\10.0.16299.0\um\objbase.h
  참고: 포함 파일:    C:\Program Files (x86)\Windows Kits\10\Include\10.0.16299.0\shared\pshpack8.h
  참고: 포함 파일:    C:\Program Files (x86)\Windows Kits\10\Include\10.0.16299.0\um\combaseapi.h
  참고: 포함 파일:     C:\Program Files (x86)\Windows Kits\10\Include\10.0.16299.0\shared\pshpack8.h
  참고: 포함 파일:     C:\Program Files (x86)\Windows Kits\10\Include\10.0.16299.0\um\unknwnbase.h
  참고: 포함 파일:     C:\Program Files (x86)\Windows Kits\10\Include\10.0.16299.0\um\objidlbase.h
  참고: 포함 파일:     C:\Program Files (x86)\Windows Kits\10\Include\10.0.16299.0\shared\guiddef.h
  참고: 포함 파일:     C:\Program Files (x86)\Windows Kits\10\Include\10.0.16299.0\um\cguid.h
  참고: 포함 파일:     C:\Program Files (x86)\Windows Kits\10\Include\10.0.16299.0\shared\poppack.h
  참고: 포함 파일:    C:\Program Files (x86)\Windows Kits\10\Include\10.0.16299.0\um\coml2api.h
  참고: 포함 파일:     C:\Program Files (x86)\Windows Kits\10\Include\10.0.16299.0\um\objidl.h
  참고: 포함 파일:      c:\program files (x86)\windows kits\10\include\10.0.16299.0\um\unknwn.h
  참고: 포함 파일:     C:\Program Files (x86)\Windows Kits\10\Include\10.0.16299.0\um\propidlbase.h
  참고: 포함 파일:      c:\program files (x86)\windows kits\10\include\10.0.16299.0\um\oaidl.h
  참고: 포함 파일:    C:\Program Files (x86)\Windows Kits\10\Include\10.0.16299.0\um\urlmon.h
  참고: 포함 파일:     c:\program files (x86)\windows kits\10\include\10.0.16299.0\um\oleidl.h
  참고: 포함 파일:     c:\program files (x86)\windows kits\10\include\10.0.16299.0\um\servprov.h
  참고: 포함 파일:     c:\program files (x86)\windows kits\10\include\10.0.16299.0\um\msxml.h
  참고: 포함 파일:    C:\Program Files (x86)\Windows Kits\10\Include\10.0.16299.0\um\propidl.h
  참고: 포함 파일:    C:\Program Files (x86)\Windows Kits\10\Include\10.0.16299.0\shared\poppack.h
  참고: 포함 파일:   C:\Program Files (x86)\Windows Kits\10\Include\10.0.16299.0\um\oleauto.h
  참고: 포함 파일:    C:\Program Files (x86)\Windows Kits\10\Include\10.0.16299.0\shared\pshpack8.h
  참고: 포함 파일:    C:\Program Files (x86)\Windows Kits\10\Include\10.0.16299.0\shared\poppack.h
  참고: 포함 파일:   C:\Program Files (x86)\Windows Kits\10\Include\10.0.16299.0\shared\poppack.h
  참고: 포함 파일:  C:\Program Files (x86)\Windows Kits\10\Include\10.0.16299.0\um\commdlg.h
  참고: 포함 파일:   C:\Program Files (x86)\Windows Kits\10\Include\10.0.16299.0\um\prsht.h
  참고: 포함 파일:   C:\Program Files (x86)\Windows Kits\10\Include\10.0.16299.0\shared\pshpack1.h
  참고: 포함 파일:   C:\Program Files (x86)\Windows Kits\10\Include\10.0.16299.0\shared\poppack.h
  참고: 포함 파일:  C:\Program Files (x86)\Windows Kits\10\Include\10.0.16299.0\shared\stralign.h
  참고: 포함 파일:  C:\Program Files (x86)\Windows Kits\10\Include\10.0.16299.0\um\winsvc.h
  참고: 포함 파일:  C:\Program Files (x86)\Windows Kits\10\Include\10.0.16299.0\um\mcx.h
  참고: 포함 파일:  C:\Program Files (x86)\Windows Kits\10\Include\10.0.16299.0\um\imm.h
  참고: 포함 파일:   C:\Program Files (x86)\Windows Kits\10\Include\10.0.16299.0\um\ime_cmodes.h
  참고: 포함 파일: C:\Program Files (x86)\Microsoft Visual Studio\2017\Community\VC\Tools\MSVC\14.13.26128\include\fstream
  참고: 포함 파일: C:\Program Files (x86)\Windows Kits\10\Include\10.0.16299.0\ucrt\math.h
  참고: 포함 파일: C:\Program Files (x86)\Windows Kits\10\Include\10.0.16299.0\ucrt\conio.h
  참고: 포함 파일: c:\users\dg\source\repos\hand\hand\dynamixel_sdk.h
  참고: 포함 파일:  c:\users\dg\source\repos\hand\hand\robotis_def.h
  참고: 포함 파일:  c:\users\dg\source\repos\hand\hand\group_bulk_read.h
  참고: 포함 파일:   c:\users\dg\source\repos\hand\hand\port_handler.h
  참고: 포함 파일:   c:\users\dg\source\repos\hand\hand\packet_handler.h
  참고: 포함 파일:  c:\users\dg\source\repos\hand\hand\group_bulk_write.h
  참고: 포함 파일:  c:\users\dg\source\repos\hand\hand\group_sync_read.h
  참고: 포함 파일:  c:\users\dg\source\repos\hand\hand\group_sync_write.h
c:\users\dg\source\repos\hand\hand\hand.cpp(162): warning C4244: '초기화 중': 'double'에서 'int'(으)로 변환하면서 데이터가 손실될 수 있습니다.
c:\users\dg\source\repos\hand\hand\hand.cpp(185): warning C4244: '초기화 중': 'float'에서 'int'(으)로 변환하면서 데이터가 손실될 수 있습니다.
c:\users\dg\source\repos\hand\hand\hand.cpp(186): warning C4244: '초기화 중': 'float'에서 'int'(으)로 변환하면서 데이터가 손실될 수 있습니다.
c:\users\dg\source\repos\hand\hand\hand.cpp(203): warning C4244: '초기화 중': 'float'에서 'int'(으)로 변환하면서 데이터가 손실될 수 있습니다.
c:\users\dg\source\repos\hand\hand\hand.cpp(204): warning C4244: '초기화 중': 'float'에서 'int'(으)로 변환하면서 데이터가 손실될 수 있습니다.
c:\users\dg\source\repos\hand\hand\hand.cpp(211): warning C4244: '=': 'double'에서 'float'(으)로 변환하면서 데이터가 손실될 수 있습니다.
c:\users\dg\source\repos\hand\hand\hand.cpp(216): warning C4305: '+=': 'double'에서 'float'(으)로 잘립니다.
c:\users\dg\source\repos\hand\hand\hand.cpp(227): warning C4244: '=': 'float'에서 'int'(으)로 변환하면서 데이터가 손실될 수 있습니다.
c:\users\dg\source\repos\hand\hand\hand.cpp(228): warning C4244: '=': 'float'에서 'int'(으)로 변환하면서 데이터가 손실될 수 있습니다.
c:\users\dg\source\repos\hand\hand\hand.cpp(229): warning C4244: '=': 'float'에서 'int'(으)로 변환하면서 데이터가 손실될 수 있습니다.
c:\users\dg\source\repos\hand\hand\hand.cpp(282): warning C4244: '인수': 'double'에서 'int'(으)로 변환하면서 데이터가 손실될 수 있습니다.
c:\users\dg\source\repos\hand\hand\hand.cpp(283): warning C4244: '인수': 'double'에서 'int'(으)로 변환하면서 데이터가 손실될 수 있습니다.
c:\users\dg\source\repos\hand\hand\hand.cpp(284): warning C4244: '인수': 'double'에서 'int'(으)로 변환하면서 데이터가 손실될 수 있습니다.
c:\users\dg\source\repos\hand\hand\hand.cpp(285): warning C4244: '인수': 'double'에서 'int'(으)로 변환하면서 데이터가 손실될 수 있습니다.
c:\users\dg\source\repos\hand\hand\hand.cpp(293): warning C4244: '초기화 중': 'time_t'에서 'double'(으)로 변환하면서 데이터가 손실될 수 있습니다.
c:\users\dg\source\repos\hand\hand\hand.cpp(308): warning C4838: 'int'에서 'float'(으)로의 변환에는 축소 변환이 필요합니다.
c:\users\dg\source\repos\hand\hand\hand.cpp(308): warning C4244: '초기화 중': 'int'에서 'float'(으)로 변환하면서 데이터가 손실될 수 있습니다.
c:\users\dg\source\repos\hand\hand\hand.cpp(311): warning C4244: '초기화 중': 'int64'에서 'double'(으)로 변환하면서 데이터가 손실될 수 있습니다.
c:\users\dg\source\repos\hand\hand\hand.cpp(328): warning C4018: '<': signed 또는 unsigned가 일치하지 않습니다.
c:\users\dg\source\repos\hand\hand\hand.cpp(338): warning C4018: '<': signed 또는 unsigned가 일치하지 않습니다.
c:\users\dg\source\repos\hand\hand\hand.cpp(366): warning C4244: '=': 'double'에서 'int'(으)로 변환하면서 데이터가 손실될 수 있습니다.
c:\users\dg\source\repos\hand\hand\hand.cpp(423): warning C4244: '인수': 'double'에서 'int'(으)로 변환하면서 데이터가 손실될 수 있습니다.
c:\users\dg\source\repos\hand\hand\hand.cpp(426): warning C4244: '인수': 'double'에서 'int'(으)로 변환하면서 데이터가 손실될 수 있습니다.
c:\users\dg\source\repos\hand\hand\hand.cpp(551): warning C4018: '<': signed 또는 unsigned가 일치하지 않습니다.
c:\users\dg\source\repos\hand\hand\hand.cpp(603): warning C4244: '=': 'double'에서 'float'(으)로 변환하면서 데이터가 손실될 수 있습니다.
c:\users\dg\source\repos\hand\hand\hand.cpp(612): warning C4244: '=': 'double'에서 'float'(으)로 변환하면서 데이터가 손실될 수 있습니다.
c:\users\dg\source\repos\hand\hand\hand.cpp(613): warning C4244: '=': 'double'에서 'float'(으)로 변환하면서 데이터가 손실될 수 있습니다.
c:\users\dg\source\repos\hand\hand\hand.cpp(632): warning C4244: '=': 'double'에서 'float'(으)로 변환하면서 데이터가 손실될 수 있습니다.
c:\users\dg\source\repos\hand\hand\hand.cpp(633): warning C4244: '=': 'double'에서 'float'(으)로 변환하면서 데이터가 손실될 수 있습니다.
c:\users\dg\source\repos\hand\hand\hand.cpp(648): warning C4244: '=': 'double'에서 'float'(으)로 변환하면서 데이터가 손실될 수 있습니다.
c:\users\dg\source\repos\hand\hand\hand.cpp(649): warning C4244: '=': 'double'에서 'float'(으)로 변환하면서 데이터가 손실될 수 있습니다.
c:\users\dg\source\repos\hand\hand\hand.cpp(689): warning C4244: '인수': 'double'에서 'int'(으)로 변환하면서 데이터가 손실될 수 있습니다.
c:\users\dg\source\repos\hand\hand\hand.cpp(690): warning C4244: '인수': 'double'에서 'int'(으)로 변환하면서 데이터가 손실될 수 있습니다.
c:\users\dg\source\repos\hand\hand\hand.cpp(691): warning C4244: '인수': 'double'에서 'int'(으)로 변환하면서 데이터가 손실될 수 있습니다.
c:\users\dg\source\repos\hand\hand\hand.cpp(692): warning C4244: '인수': 'double'에서 'int'(으)로 변환하면서 데이터가 손실될 수 있습니다.
c:\users\dg\source\repos\hand\hand\hand.cpp(704): warning C4244: '초기화 중': 'time_t'에서 'double'(으)로 변환하면서 데이터가 손실될 수 있습니다.
c:\users\dg\source\repos\hand\hand\hand.cpp(708): warning C4244: '=': 'time_t'에서 'double'(으)로 변환하면서 데이터가 손실될 수 있습니다.
c:\users\dg\source\repos\hand\hand\hand.cpp(721): warning C4244: '=': 'double'에서 'float'(으)로 변환하면서 데이터가 손실될 수 있습니다.
c:\users\dg\source\repos\hand\hand\hand.cpp(740): warning C4244: '인수': 'double'에서 'int'(으)로 변환하면서 데이터가 손실될 수 있습니다.
c:\users\dg\source\repos\hand\hand\hand.cpp(741): warning C4244: '인수': 'double'에서 'int'(으)로 변환하면서 데이터가 손실될 수 있습니다.
c:\users\dg\source\repos\hand\hand\hand.cpp(742): warning C4244: '인수': 'double'에서 'int'(으)로 변환하면서 데이터가 손실될 수 있습니다.
c:\users\dg\source\repos\hand\hand\hand.cpp(743): warning C4244: '인수': 'double'에서 'int'(으)로 변환하면서 데이터가 손실될 수 있습니다.
c:\users\dg\source\repos\hand\hand\hand.cpp(266): warning C4101: 'pos_3' :참조되지 않은 지역 변수입니다.
c:\users\dg\source\repos\hand\hand\hand.cpp(258): warning C4101: 'num_param' :참조되지 않은 지역 변수입니다.
c:\users\dg\source\repos\hand\hand\hand.cpp(256): warning C4101: 'cmd' :참조되지 않은 지역 변수입니다.
c:\users\dg\source\repos\hand\hand\hand.cpp(257): warning C4101: 'param' :참조되지 않은 지역 변수입니다.
c:\users\dg\source\repos\hand\hand\hand.cpp(265): warning C4101: 'pos_2' :참조되지 않은 지역 변수입니다.
c:\users\dg\source\repos\hand\hand\hand.cpp(267): warning C4101: 'pos_4' :참조되지 않은 지역 변수입니다.
c:\users\dg\source\repos\hand\hand\hand.cpp(264): warning C4101: 'pos_1' :참조되지 않은 지역 변수입니다.
c:\users\dg\source\repos\hand\hand\hand.cpp(260): warning C4101: 'dxl_error' :참조되지 않은 지역 변수입니다.
c:\users\dg\source\repos\hand\hand\hand.cpp(259): warning C4101: 'token' :참조되지 않은 지역 변수입니다.
c:\users\dg\source\repos\hand\hand\hand.cpp(609): warning C4101: 'alpha' :참조되지 않은 지역 변수입니다.
c:\users\dg\source\repos\hand\hand\hand.cpp(609): warning C4101: 'cal_l2' :참조되지 않은 지역 변수입니다.
c:\users\dg\source\repos\hand\hand\hand.cpp(609): warning C4101: 'gamma' :참조되지 않은 지역 변수입니다.
hand.obj : error LNK2001: "__declspec(dllimport) void __cdecl write1ByteTxRx(int,int,unsigned char,unsigned short,unsigned char)" (__imp_?write1ByteTxRx@@YAXHHEGE@Z) 외부 기호를 확인할 수 없습니다.
hand.obj : error LNK2001: "__declspec(dllimport) void __cdecl write2ByteTxRx(int,int,unsigned char,unsigned short,unsigned short)" (__imp_?write2ByteTxRx@@YAXHHEGG@Z) 외부 기호를 확인할 수 없습니다.
hand.obj : error LNK2001: "__declspec(dllimport) void __cdecl write4ByteTxRx(int,int,unsigned char,unsigned short,unsigned int)" (__imp_?write4ByteTxRx@@YAXHHEGI@Z) 외부 기호를 확인할 수 없습니다.
hand.obj : error LNK2001: "__declspec(dllimport) int __cdecl getLastTxRxResult(int,int)" (__imp_?getLastTxRxResult@@YAHHH@Z) 외부 기호를 확인할 수 없습니다.
hand.obj : error LNK2001: "__declspec(dllimport) unsigned char __cdecl getLastRxPacketError(int,int)" (__imp_?getLastRxPacketError@@YAEHH@Z) 외부 기호를 확인할 수 없습니다.
hand.obj : error LNK2001: "__declspec(dllimport) char const * __cdecl getRxPacketError(int,unsigned char)" (__imp_?getRxPacketError@@YAPBDHE@Z) 외부 기호를 확인할 수 없습니다.
hand.obj : error LNK2001: "__declspec(dllimport) char const * __cdecl getTxRxResult(int,int)" (__imp_?getTxRxResult@@YAPBDHH@Z) 외부 기호를 확인할 수 없습니다.
hand.obj : error LNK2001: "__declspec(dllimport) unsigned char __cdecl read1ByteTxRx(int,int,unsigned char,unsigned short)" (__imp_?read1ByteTxRx@@YAEHHEG@Z) 외부 기호를 확인할 수 없습니다.
hand.obj : error LNK2001: "__declspec(dllimport) unsigned short __cdecl read2ByteTxRx(int,int,unsigned char,unsigned short)" (__imp_?read2ByteTxRx@@YAGHHEG@Z) 외부 기호를 확인할 수 없습니다.
hand.obj : error LNK2001: "__declspec(dllimport) unsigned int __cdecl read4ByteTxRx(int,int,unsigned char,unsigned short)" (__imp_?read4ByteTxRx@@YAIHHEG@Z) 외부 기호를 확인할 수 없습니다.
hand.obj : error LNK2001: "__declspec(dllimport) int __cdecl portHandler(char const *)" (__imp_?portHandler@@YAHPBD@Z) 외부 기호를 확인할 수 없습니다.
hand.obj : error LNK2001: "__declspec(dllimport) unsigned char __cdecl openPort(int)" (__imp_?openPort@@YAEH@Z) 외부 기호를 확인할 수 없습니다.
hand.obj : error LNK2001: "__declspec(dllimport) int __cdecl getBaudRate(int)" (__imp_?getBaudRate@@YAHH@Z) 외부 기호를 확인할 수 없습니다.
C:\Users\dg\source\repos\hand\Release\hand.exe : fatal error LNK1120: 13개의 확인할 수 없는 외부 참조입니다.
